

Microchip Technology PIC18 PRO Macro Assembler V1.34 build -361300703 
                                                                                               Sun May 10 23:18:10 2015

Microchip Technology Omniscient Code Generator (PRO mode) build 201502162209
     1                           	processor	18F4431
     2                           	fnconf	rparam,??,?,0
     3                           	opt	pw 120
     4                           	opt	pm
     5                           	psect	intcode_body,global,reloc=2,class=CODE,delta=1
     6                           	psect	cinit,global,reloc=2,class=CODE,delta=1
     7                           	psect	cstackCOMRAM,global,class=COMRAM,space=1,delta=1
     8                           	psect	text0,global,reloc=2,class=CODE,delta=1
     9                           	psect	text1,global,reloc=2,class=CODE,delta=1
    10                           	psect	text2,global,reloc=2,class=CODE,delta=1
    11                           	psect	intcodelo,global,reloc=2,class=CODE,delta=1
    12                           	psect	text4,global,reloc=2,class=CODE,delta=1
    13                           	psect	intcode,global,reloc=2,class=CODE,delta=1
    14                           	psect	intsave_regs,global,class=BIGRAM,space=1,delta=1
    15                           	psect	rparam,global,class=COMRAM,space=1,delta=1
    16  0000                     _PORTDbits	set	3971
    17  0000                     _TRISCbits	set	3988
    18  0000                     _TRISDbits	set	3989
    19  0000                     _BAUDCONbits	set	4010
    20  0000                     _BAUDCTLbits	set	4010
    21  0000                     _IPR1bits	set	3999
    22  0000                     _PIE1bits	set	3997
    23  0000                     _PIR1bits	set	3998
    24  0000                     _RCONbits	set	4048
    25  0000                     _RCREG	set	4014
    26  0000                     _RCSTA	set	4011
    27  0000                     _SPBRG	set	4015
    28  0000                     _SPBRGH	set	4016
    29  0000                     _TXREG	set	4013
    30  0000                     _TXSTA	set	4012
    31  0000                     _TXSTAbits	set	4012
    32  0000                     _INTCONbits	set	4082
    33                           
    34                           	psect	intcode_body
    35  000166                     __pintcode_body:
    36                           	opt stack 0
    37                           
    38                           ; #config settings
    39  000166                     int_func:
    40                           	opt stack 27
    41  000166  0011               	retfie		f
    42  000168                     __end_of_HighIsr:
    43                           	opt stack 0
    44  0000                     
    45                           	psect	cinit
    46  00015C                     __pcinit:
    47                           	opt stack 0
    48  00015C                     start_initialization:
    49                           	opt stack 0
    50  00015C                     __initialization:
    51                           	opt stack 0
    52  00015C                     end_of_initialization:
    53                           	opt stack 0
    54  00015C                     __end_of__initialization:
    55                           	opt stack 0
    56  00015C  0E00               	movlw	low (__Lmediumconst shr (0+16))
    57  00015E  6EF8               	movwf	tblptru,c
    58  000160  0100               	movlb	0
    59  000162  EF76  F000         	goto	_main	;jump to C main() function
    60                           tblptru	equ	0xFF8
    61                           
    62                           	psect	cstackCOMRAM
    63  000001                     __pcstackCOMRAM:
    64                           	opt stack 0
    65  000001                     UartSendByte@data:
    66                           	opt stack 0
    67                           
    68                           ; 1 bytes @ 0x0
    69  000001                     	ds	1
    70  000002                     ??_LowIsr:
    71                           
    72                           ; 0 bytes @ 0x1
    73  000002                     	ds	3
    74  000005                     delay_ms@delay:
    75                           	opt stack 0
    76  000005                     UARTInit@baudrate:
    77                           	opt stack 0
    78                           
    79                           ; 4 bytes @ 0x4
    80  000005                     	ds	2
    81  000007                     ??_delay_ms:
    82                           
    83                           ; 0 bytes @ 0x6
    84  000007                     	ds	1
    85  000008                     delay_ms@i:
    86                           	opt stack 0
    87                           
    88                           ; 2 bytes @ 0x7
    89  000008                     	ds	1
    90  000009                     ??_UARTInit:
    91                           
    92                           ; 0 bytes @ 0x8
    93  000009                     	ds	4
    94  00000D                     UARTInit@divisor:
    95                           	opt stack 0
    96                           
    97                           ; 2 bytes @ 0xC
    98  00000D                     	ds	2
    99  00000F                     tblptru	equ	0xFF8
   100                           
   101                           ; 0 bytes @ 0xE
   102 ;;
   103 ;;Main: autosize = 0, tempsize = 0, incstack = 0, save=0
   104 ;;
   105 ;; *************** function _main *****************
   106 ;; Defined at:
   107 ;;		line 68 in file "main.c"
   108 ;; Parameters:    Size  Location     Type
   109 ;;		None
   110 ;; Auto vars:     Size  Location     Type
   111 ;;  array           3    0        unsigned char [3]
   112 ;; Return value:  Size  Location     Type
   113 ;;                  2   31[None  ] int 
   114 ;; Registers used:
   115 ;;		wreg, status,2, status,0, cstack
   116 ;; Tracked objects:
   117 ;;		On entry : 0/0
   118 ;;		On exit  : 0/0
   119 ;;		Unchanged: 0/0
   120 ;; Data sizes:     COMRAM   BANK0   BANK1   BANK2
   121 ;;      Params:         0       0       0       0
   122 ;;      Locals:         0       0       0       0
   123 ;;      Temps:          0       0       0       0
   124 ;;      Totals:         0       0       0       0
   125 ;;Total ram usage:        0 bytes
   126 ;; Hardware stack levels required when called:    4
   127 ;; This function calls:
   128 ;;		_UARTInit
   129 ;;		_delay_ms
   130 ;; This function is called by:
   131 ;;		Startup code after reset
   132 ;; This function uses a non-reentrant model
   133 ;;
   134                           
   135                           	psect	text0
   136  0000EC                     __ptext0:
   137                           	opt stack 0
   138  0000EC                     _main:
   139                           	opt stack 27
   140                           
   141                           ;main.c: 71: UARTInit(115200);
   142                           
   143                           ;incstack = 0
   144  0000EC  6A05               	clrf	UARTInit@baudrate,c
   145  0000EE  0EC2               	movlw	194
   146  0000F0  6E06               	movwf	UARTInit@baudrate+1,c
   147  0000F2  0E01               	movlw	1
   148  0000F4  6E07               	movwf	UARTInit@baudrate+2,c
   149  0000F6  6A08               	clrf	UARTInit@baudrate+3,c
   150  0000F8  EC22  F000         	call	_UARTInit	;wreg free
   151                           
   152                           ;main.c: 73: RCONbits.IPEN = 1;
   153  0000FC  8ED0               	bsf	4048,7,c	;volatile
   154                           
   155                           ;main.c: 74: INTCONbits.GIEH = 1;
   156  0000FE  8EF2               	bsf	intcon,7,c	;volatile
   157                           
   158                           ;main.c: 75: INTCONbits.GIEL = 1;
   159  000100  8CF2               	bsf	intcon,6,c	;volatile
   160                           
   161                           ;main.c: 77: delay_ms(1);
   162  000102  6A06               	clrf	delay_ms@delay+1,c
   163  000104  0E01               	movlw	1
   164  000106  6E05               	movwf	delay_ms@delay,c
   165  000108  EC8D  F000         	call	_delay_ms	;wreg free
   166  00010C                     l34:
   167                           
   168                           ;main.c: 80: {
   169                           ;main.c: 82: delay_ms(1000);
   170  00010C  0E03               	movlw	3
   171  00010E  6E06               	movwf	delay_ms@delay+1,c
   172  000110  0EE8               	movlw	232
   173  000112  6E05               	movwf	delay_ms@delay,c
   174  000114  EC8D  F000         	call	_delay_ms	;wreg free
   175  000118  D7F9               	goto	l34
   176  00011A                     __end_of_main:
   177                           	opt stack 0
   178                           tblptru	equ	0xFF8
   179                           intcon	equ	0xFF2
   180                           
   181 ;; *************** function _delay_ms *****************
   182 ;; Defined at:
   183 ;;		line 61 in file "main.c"
   184 ;; Parameters:    Size  Location     Type
   185 ;;  delay           2    4[COMRAM] int 
   186 ;; Auto vars:     Size  Location     Type
   187 ;;  i               2    7[COMRAM] int 
   188 ;; Return value:  Size  Location     Type
   189 ;;		None               void
   190 ;; Registers used:
   191 ;;		wreg, status,2, status,0
   192 ;; Tracked objects:
   193 ;;		On entry : 0/0
   194 ;;		On exit  : 0/0
   195 ;;		Unchanged: 0/0
   196 ;; Data sizes:     COMRAM   BANK0   BANK1   BANK2
   197 ;;      Params:         2       0       0       0
   198 ;;      Locals:         2       0       0       0
   199 ;;      Temps:          1       0       0       0
   200 ;;      Totals:         5       0       0       0
   201 ;;Total ram usage:        5 bytes
   202 ;; Hardware stack levels used:    1
   203 ;; Hardware stack levels required when called:    3
   204 ;; This function calls:
   205 ;;		Nothing
   206 ;; This function is called by:
   207 ;;		_main
   208 ;; This function uses a non-reentrant model
   209 ;;
   210                           
   211                           	psect	text1
   212  00011A                     __ptext1:
   213                           	opt stack 0
   214  00011A                     _delay_ms:
   215                           	opt stack 27
   216                           
   217                           ;main.c: 63: int i;
   218                           ;main.c: 64: for (i = 0; i < delay; i++)
   219                           
   220                           ;incstack = 0
   221  00011A  6A08               	clrf	delay_ms@i,c
   222  00011C  6A09               	clrf	delay_ms@i+1,c
   223  00011E  D009               	goto	l26
   224  000120                     l789:
   225                           
   226                           ;main.c: 65: _delay((unsigned long)((1)*(40000000/4000.0)));
   227  000120  0E0D               	movlw	13
   228  000122  6E07               	movwf	??_delay_ms& (0+255),c
   229  000124  0EFC               	movlw	252
   230  000126                     u77:
   231  000126  2EE8               	decfsz	wreg,f,c
   232  000128  D7FE               	goto	u77
   233  00012A  2E07               	decfsz	??_delay_ms& (0+255),f,c
   234  00012C  D7FC               	goto	u77
   235  00012E  4A08               	infsnz	delay_ms@i,f,c
   236  000130  2A09               	incf	delay_ms@i+1,f,c
   237  000132                     l26:
   238  000132  5005               	movf	delay_ms@delay,w,c
   239  000134  5C08               	subwf	delay_ms@i,w,c
   240  000136  5009               	movf	delay_ms@i+1,w,c
   241  000138  0A80               	xorlw	128
   242  00013A  6E07               	movwf	??_delay_ms& (0+255),c
   243  00013C  5006               	movf	delay_ms@delay+1,w,c
   244  00013E  0A80               	xorlw	128
   245  000140  5807               	subwfb	??_delay_ms& (0+255),w,c
   246  000142  B0D8               	btfsc	status,0,c
   247  000144  0012               	return		;funcret
   248  000146  D7EC               	goto	l789
   249  000148                     __end_of_delay_ms:
   250                           	opt stack 0
   251                           tblptru	equ	0xFF8
   252                           intcon	equ	0xFF2
   253                           wreg	equ	0xFE8
   254                           status	equ	0xFD8
   255                           
   256 ;; *************** function _UARTInit *****************
   257 ;; Defined at:
   258 ;;		line 4 in file "uart.c"
   259 ;; Parameters:    Size  Location     Type
   260 ;;  baudrate        4    4[COMRAM] unsigned long 
   261 ;; Auto vars:     Size  Location     Type
   262 ;;  divisor         2   12[COMRAM] unsigned int 
   263 ;; Return value:  Size  Location     Type
   264 ;;		None               void
   265 ;; Registers used:
   266 ;;		wreg, status,2, status,0
   267 ;; Tracked objects:
   268 ;;		On entry : 0/0
   269 ;;		On exit  : 0/0
   270 ;;		Unchanged: 0/0
   271 ;; Data sizes:     COMRAM   BANK0   BANK1   BANK2
   272 ;;      Params:         4       0       0       0
   273 ;;      Locals:         2       0       0       0
   274 ;;      Temps:          4       0       0       0
   275 ;;      Totals:        10       0       0       0
   276 ;;Total ram usage:       10 bytes
   277 ;; Hardware stack levels used:    1
   278 ;; Hardware stack levels required when called:    3
   279 ;; This function calls:
   280 ;;		Nothing
   281 ;; This function is called by:
   282 ;;		_main
   283 ;; This function uses a non-reentrant model
   284 ;;
   285                           
   286                           	psect	text2
   287  000044                     __ptext2:
   288                           	opt stack 0
   289  000044                     _UARTInit:
   290                           	opt stack 27
   291                           
   292                           ;uart.c: 6: unsigned int divisor;
   293                           ;uart.c: 8: TRISCbits.RC6 = 1;
   294                           
   295                           ;incstack = 0
   296  000044  8C94               	bsf	3988,6,c	;volatile
   297                           
   298                           ;uart.c: 9: TRISCbits.RC7 = 1;
   299  000046  8E94               	bsf	3988,7,c	;volatile
   300                           
   301                           ;uart.c: 12: TRISDbits.RD4 = 0;
   302  000048  9895               	bcf	3989,4,c	;volatile
   303                           
   304                           ;uart.c: 13: PORTDbits.RD4 = 0;
   305  00004A  9883               	bcf	3971,4,c	;volatile
   306                           
   307                           ;uart.c: 15: TXSTA = 0b00100110;
   308  00004C  0E26               	movlw	38
   309  00004E  6EAC               	movwf	4012,c	;volatile
   310                           
   311                           ;uart.c: 16: RCSTA = 0b10010000;
   312  000050  0E90               	movlw	144
   313  000052  6EAB               	movwf	4011,c	;volatile
   314                           
   315                           ;uart.c: 18: BAUDCTLbits.BRG16 = 1;
   316  000054  86AA               	bsf	4010,3,c	;volatile
   317                           
   318                           ;uart.c: 19: BAUDCTLbits.WUE = 0;
   319  000056  92AA               	bcf	4010,1,c	;volatile
   320                           
   321                           ;uart.c: 20: BAUDCONbits.ABDEN = 0;
   322  000058  90AA               	bcf	4010,0,c	;volatile
   323                           
   324                           ;uart.c: 22: switch (baudrate)
   325  00005A  D012               	goto	l815
   326  00005C                     l803:
   327                           
   328                           ;uart.c: 25: divisor = 1040;
   329  00005C  0E04               	movlw	4
   330  00005E  6E0E               	movwf	UARTInit@divisor+1,c
   331  000060  0E10               	movlw	16
   332  000062  D00C               	goto	L4
   333  000064                     l805:
   334                           
   335                           ;uart.c: 28: divisor = 520;
   336  000064  0E02               	movlw	2
   337  000066  6E0E               	movwf	UARTInit@divisor+1,c
   338  000068  0E08               	movlw	8
   339  00006A  D008               	goto	L4
   340  00006C                     l807:
   341                           
   342                           ;uart.c: 31: divisor = 172;
   343  00006C  6A0E               	clrf	UARTInit@divisor+1,c
   344  00006E  0EAC               	movlw	172
   345  000070  D005               	goto	L4
   346  000072                     l809:
   347                           
   348                           ;uart.c: 34: divisor = 86;
   349  000072  6A0E               	clrf	UARTInit@divisor+1,c
   350  000074  0E56               	movlw	86
   351  000076  D002               	goto	L4
   352  000078                     l811:
   353                           
   354                           ;uart.c: 37: divisor = 10;
   355  000078  6A0E               	clrf	UARTInit@divisor+1,c
   356  00007A  0E0A               	movlw	10
   357  00007C                     L4:
   358  00007C  6E0D               	movwf	UARTInit@divisor,c
   359                           
   360                           ;uart.c: 38: break;
   361  00007E  D02F               	goto	l68
   362  000080                     l815:
   363  000080  C005  F009         	movff	UARTInit@baudrate,??_UARTInit
   364  000084  C006  F00A         	movff	UARTInit@baudrate+1,??_UARTInit+1
   365  000088  C007  F00B         	movff	UARTInit@baudrate+2,??_UARTInit+2
   366  00008C  C008  F00C         	movff	UARTInit@baudrate+3,??_UARTInit+3
   367                           
   368                           ; Switch on 2 bytes has been partitioned into a top level switch of size 1, and 4 sub-sw
      +                          itches
   369                           ; Switch size 1, requested type "speed"
   370                           ; Number of cases is 1, Range of values is 0 to 0
   371                           ; switch strategies available:
   372                           ; Name         Instructions Cycles
   373                           ; simple_byte            4     3 (average)
   374                           ;	Chosen strategy is simple_byte
   375  000090  500C               	movf	??_UARTInit+3,w,c
   376  000092  E01F               	bz	l903
   377  000094  D024               	goto	l68
   378  000096                     l897:
   379                           
   380                           ; Switch on 2 bytes has been partitioned into a top level switch of size 1, and 3 sub-sw
      +                          itches
   381                           ; Switch size 1, requested type "speed"
   382                           ; Number of cases is 3, Range of values is 37 to 225
   383                           ; switch strategies available:
   384                           ; Name         Instructions Cycles
   385                           ; simple_byte           10     6 (average)
   386                           ;	Chosen strategy is simple_byte
   387  000096  500A               	movf	??_UARTInit+1,w,c
   388  000098  0A25               	xorlw	37	; case 37
   389  00009A  E005               	bz	l905
   390  00009C  0A6E               	xorlw	110	; case 75
   391  00009E  E007               	bz	l907
   392  0000A0  0AAA               	xorlw	170	; case 225
   393  0000A2  E008               	bz	l909
   394  0000A4  D01C               	goto	l68
   395  0000A6                     l905:
   396                           
   397                           ; Switch size 1, requested type "speed"
   398                           ; Number of cases is 1, Range of values is 128 to 128
   399                           ; switch strategies available:
   400                           ; Name         Instructions Cycles
   401                           ; simple_byte            4     3 (average)
   402                           ;	Chosen strategy is simple_byte
   403  0000A6  5009               	movf	??_UARTInit,w,c
   404  0000A8  0A80               	xorlw	128	; case 128
   405  0000AA  E0D8               	bz	l803
   406  0000AC  D018               	goto	l68
   407  0000AE                     l907:
   408                           
   409                           ; Switch size 1, requested type "speed"
   410                           ; Number of cases is 1, Range of values is 0 to 0
   411                           ; switch strategies available:
   412                           ; Name         Instructions Cycles
   413                           ; simple_byte            4     3 (average)
   414                           ;	Chosen strategy is simple_byte
   415  0000AE  5009               	movf	??_UARTInit,w,c
   416  0000B0  E0D9               	bz	l805
   417  0000B2  D015               	goto	l68
   418  0000B4                     l909:
   419                           
   420                           ; Switch size 1, requested type "speed"
   421                           ; Number of cases is 1, Range of values is 0 to 0
   422                           ; switch strategies available:
   423                           ; Name         Instructions Cycles
   424                           ; simple_byte            4     3 (average)
   425                           ;	Chosen strategy is simple_byte
   426  0000B4  5009               	movf	??_UARTInit,w,c
   427  0000B6  E0DA               	bz	l807
   428  0000B8  D012               	goto	l68
   429  0000BA                     l899:
   430                           
   431                           ; Switch on 2 bytes has been partitioned into a top level switch of size 1, and 1 sub-sw
      +                          itches
   432                           ; Switch size 1, requested type "speed"
   433                           ; Number of cases is 1, Range of values is 194 to 194
   434                           ; switch strategies available:
   435                           ; Name         Instructions Cycles
   436                           ; simple_byte            4     3 (average)
   437                           ;	Chosen strategy is simple_byte
   438  0000BA  500A               	movf	??_UARTInit+1,w,c
   439  0000BC  0AC2               	xorlw	194	; case 194
   440  0000BE  E10F               	bnz	l68
   441                           
   442                           ; Switch size 1, requested type "speed"
   443                           ; Number of cases is 1, Range of values is 0 to 0
   444                           ; switch strategies available:
   445                           ; Name         Instructions Cycles
   446                           ; simple_byte            4     3 (average)
   447                           ;	Chosen strategy is simple_byte
   448  0000C0  5009               	movf	??_UARTInit,w,c
   449  0000C2  E0D7               	bz	l809
   450  0000C4  D00C               	goto	l68
   451  0000C6                     l901:
   452                           
   453                           ; Switch on 2 bytes has been partitioned into a top level switch of size 1, and 1 sub-sw
      +                          itches
   454                           ; Switch size 1, requested type "speed"
   455                           ; Number of cases is 1, Range of values is 16 to 16
   456                           ; switch strategies available:
   457                           ; Name         Instructions Cycles
   458                           ; simple_byte            4     3 (average)
   459                           ;	Chosen strategy is simple_byte
   460  0000C6  500A               	movf	??_UARTInit+1,w,c
   461  0000C8  0A10               	xorlw	16	; case 16
   462  0000CA  E109               	bnz	l68
   463                           
   464                           ; Switch size 1, requested type "speed"
   465                           ; Number of cases is 1, Range of values is 0 to 0
   466                           ; switch strategies available:
   467                           ; Name         Instructions Cycles
   468                           ; simple_byte            4     3 (average)
   469                           ;	Chosen strategy is simple_byte
   470  0000CC  5009               	movf	??_UARTInit,w,c
   471  0000CE  E0D4               	bz	l811
   472  0000D0  D006               	goto	l68
   473  0000D2                     l903:
   474                           
   475                           ; Switch size 1, requested type "speed"
   476                           ; Number of cases is 3, Range of values is 0 to 14
   477                           ; switch strategies available:
   478                           ; Name         Instructions Cycles
   479                           ; simple_byte           10     6 (average)
   480                           ;	Chosen strategy is simple_byte
   481  0000D2  500B               	movf	??_UARTInit+2,w,c
   482  0000D4  E0E0               	bz	l897
   483  0000D6  0A01               	xorlw	1	; case 1
   484  0000D8  E0F0               	bz	l899
   485  0000DA  0A0F               	xorlw	15	; case 14
   486  0000DC  E0F4               	bz	l901
   487  0000DE                     l68:
   488                           
   489                           ;uart.c: 41: SPBRG = divisor;
   490  0000DE  C00D  FFAF         	movff	UARTInit@divisor,4015	;volatile
   491                           
   492                           ;uart.c: 42: SPBRGH = divisor >> 8;
   493  0000E2  C00E  FFB0         	movff	UARTInit@divisor+1,4016	;volatile
   494                           
   495                           ;uart.c: 44: IPR1bits.RCIP = 0;
   496  0000E6  9A9F               	bcf	3999,5,c	;volatile
   497                           
   498                           ;uart.c: 45: PIE1bits.RCIE = 1;
   499  0000E8  8A9D               	bsf	3997,5,c	;volatile
   500  0000EA  0012               	return		;funcret
   501  0000EC                     __end_of_UARTInit:
   502                           	opt stack 0
   503                           tblptru	equ	0xFF8
   504                           intcon	equ	0xFF2
   505                           wreg	equ	0xFE8
   506                           status	equ	0xFD8
   507                           
   508 ;; *************** function _LowIsr *****************
   509 ;; Defined at:
   510 ;;		line 47 in file "main.c"
   511 ;; Parameters:    Size  Location     Type
   512 ;;		None
   513 ;; Auto vars:     Size  Location     Type
   514 ;;		None
   515 ;; Return value:  Size  Location     Type
   516 ;;		None               void
   517 ;; Registers used:
   518 ;;		wreg, status,2, cstack
   519 ;; Tracked objects:
   520 ;;		On entry : 0/0
   521 ;;		On exit  : 0/0
   522 ;;		Unchanged: 0/0
   523 ;; Data sizes:     COMRAM   BANK0   BANK1   BANK2
   524 ;;      Params:         0       0       0       0
   525 ;;      Locals:         0       0       0       0
   526 ;;      Temps:          3       0       0       0
   527 ;;      Totals:         3       0       0       0
   528 ;;Total ram usage:        3 bytes
   529 ;; Hardware stack levels used:    1
   530 ;; Hardware stack levels required when called:    2
   531 ;; This function calls:
   532 ;;		_UartSendByte
   533 ;; This function is called by:
   534 ;;		Interrupt level 1
   535 ;; This function uses a non-reentrant model
   536 ;;
   537                           
   538                           	psect	intcodelo
   539  000018                     __pintcodelo:
   540                           	opt stack 0
   541  000018                     _LowIsr:
   542                           	opt stack 27
   543                           
   544                           ;incstack = 0
   545  000018  CFD8 F002          	movff	status,??_LowIsr
   546  00001C  CFE8 F003          	movff	wreg,??_LowIsr+1
   547  000020  CFE0 F004          	movff	bsr,??_LowIsr+2
   548                           
   549                           ;main.c: 49: if (PIR1bits.RCIF && PIE1bits.RCIE)
   550  000024  BA9E               	btfsc	3998,5,c	;volatile
   551  000026  AA9D               	btfss	3997,5,c	;volatile
   552  000028  D004               	goto	i1l20
   553                           
   554                           ;main.c: 50: {
   555                           ;main.c: 51: UartSendByte(RCREG);
   556  00002A  50AE               	movf	4014,w,c	;volatile
   557  00002C  ECA4  F000         	call	_UartSendByte
   558                           
   559                           ;main.c: 52: PIR1bits.RCIF = 0;
   560  000030  9A9E               	bcf	3998,5,c	;volatile
   561  000032                     i1l20:
   562  000032  C004  FFE0         	movff	??_LowIsr+2,bsr
   563  000036  C003  FFE8         	movff	??_LowIsr+1,wreg
   564  00003A  C002  FFD8         	movff	??_LowIsr,status
   565  00003E  0010               	retfie	
   566  000040                     __end_of_LowIsr:
   567                           	opt stack 0
   568                           tblptru	equ	0xFF8
   569                           intcon	equ	0xFF2
   570                           wreg	equ	0xFE8
   571                           bsr	equ	0xFE0
   572                           status	equ	0xFD8
   573                           
   574 ;; *************** function _UartSendByte *****************
   575 ;; Defined at:
   576 ;;		line 48 in file "uart.c"
   577 ;; Parameters:    Size  Location     Type
   578 ;;  data            1    wreg     unsigned char 
   579 ;; Auto vars:     Size  Location     Type
   580 ;;  data            1    0[COMRAM] unsigned char 
   581 ;; Return value:  Size  Location     Type
   582 ;;		None               void
   583 ;; Registers used:
   584 ;;		wreg
   585 ;; Tracked objects:
   586 ;;		On entry : 0/0
   587 ;;		On exit  : 0/0
   588 ;;		Unchanged: 0/0
   589 ;; Data sizes:     COMRAM   BANK0   BANK1   BANK2
   590 ;;      Params:         0       0       0       0
   591 ;;      Locals:         1       0       0       0
   592 ;;      Temps:          0       0       0       0
   593 ;;      Totals:         1       0       0       0
   594 ;;Total ram usage:        1 bytes
   595 ;; Hardware stack levels used:    1
   596 ;; Hardware stack levels required when called:    1
   597 ;; This function calls:
   598 ;;		Nothing
   599 ;; This function is called by:
   600 ;;		_LowIsr
   601 ;; This function uses a non-reentrant model
   602 ;;
   603                           
   604                           	psect	text4
   605  000148                     __ptext4:
   606                           	opt stack 0
   607  000148                     _UartSendByte:
   608                           	opt stack 27
   609                           
   610                           ;incstack = 0
   611                           ;UartSendByte@data stored from wreg
   612  000148  6E01               	movwf	UartSendByte@data,c
   613  00014A                     i1l76:
   614  00014A  A2AC               	btfss	4012,1,c	;volatile
   615  00014C  D7FE               	goto	i1l76
   616                           
   617                           ;uart.c: 51: PORTDbits.RD4 = 1;
   618  00014E  8883               	bsf	3971,4,c	;volatile
   619                           
   620                           ;uart.c: 52: TXREG = data;
   621  000150  C001  FFAD         	movff	UartSendByte@data,4013	;volatile
   622  000154                     i1l79:
   623  000154  A2AC               	btfss	4012,1,c	;volatile
   624  000156  D7FE               	goto	i1l79
   625                           
   626                           ;uart.c: 54: PORTDbits.RD4 = 0;
   627  000158  9883               	bcf	3971,4,c	;volatile
   628  00015A  0012               	return		;funcret
   629  00015C                     __end_of_UartSendByte:
   630                           	opt stack 0
   631                           tblptru	equ	0xFF8
   632                           intcon	equ	0xFF2
   633                           wreg	equ	0xFE8
   634                           bsr	equ	0xFE0
   635                           status	equ	0xFD8
   636                           
   637 ;; *************** function _HighIsr *****************
   638 ;; Defined at:
   639 ;;		line 56 in file "main.c"
   640 ;; Parameters:    Size  Location     Type
   641 ;;		None
   642 ;; Auto vars:     Size  Location     Type
   643 ;;		None
   644 ;; Return value:  Size  Location     Type
   645 ;;		None               void
   646 ;; Registers used:
   647 ;;		None
   648 ;; Tracked objects:
   649 ;;		On entry : 0/0
   650 ;;		On exit  : 0/0
   651 ;;		Unchanged: 0/0
   652 ;; Data sizes:     COMRAM   BANK0   BANK1   BANK2
   653 ;;      Params:         0       0       0       0
   654 ;;      Locals:         0       0       0       0
   655 ;;      Temps:          0       0       0       0
   656 ;;      Totals:         0       0       0       0
   657 ;;Total ram usage:        0 bytes
   658 ;; Hardware stack levels used:    1
   659 ;; This function calls:
   660 ;;		Nothing
   661 ;; This function is called by:
   662 ;;		Interrupt level 2
   663 ;; This function uses a non-reentrant model
   664 ;;
   665                           
   666                           	psect	intcode
   667  000008                     __pintcode:
   668                           	opt stack 0
   669  000008                     _HighIsr:
   670                           	opt stack 27
   671                           
   672                           ;incstack = 0
   673  000008  EFB3  F000         	goto	int_func
   674                           tblptru	equ	0xFF8
   675                           intcon	equ	0xFF2
   676                           wreg	equ	0xFE8
   677                           bsr	equ	0xFE0
   678                           status	equ	0xFD8
   679                           tblptru	equ	0xFF8
   680                           intcon	equ	0xFF2
   681                           wreg	equ	0xFE8
   682                           bsr	equ	0xFE0
   683                           status	equ	0xFD8
   684                           
   685                           	psect	rparam
   686  0000                     tblptru	equ	0xFF8
   687                           intcon	equ	0xFF2
   688                           wreg	equ	0xFE8
   689                           bsr	equ	0xFE0
   690                           status	equ	0xFD8


Data Sizes:
    Strings     0
    Constant    0
    Data        0
    BSS         0
    Persistent  0
    Stack       0

Auto Spaces:
    Space          Size  Autos    Used
    COMRAM           95     14      14
    BANK0           160      0       0
    BANK1           256      0       0
    BANK2           239      0       0

Pointer List with Targets:

    None.

Critical Paths under _main in COMRAM

    _main->_UARTInit

Critical Paths under _LowIsr in COMRAM

    _LowIsr->_UartSendByte

Critical Paths under _HighIsr in COMRAM

    None.

Critical Paths under _main in BANK0

    None.

Critical Paths under _LowIsr in BANK0

    None.

Critical Paths under _HighIsr in BANK0

    None.

Critical Paths under _main in BANK1

    None.

Critical Paths under _LowIsr in BANK1

    None.

Critical Paths under _HighIsr in BANK1

    None.

Critical Paths under _main in BANK2

    None.

Critical Paths under _LowIsr in BANK2

    None.

Critical Paths under _HighIsr in BANK2

    None.

Call Graph Tables:

 ---------------------------------------------------------------------------------
 (Depth) Function   	        Calls       Base Space   Used Autos Params    Refs
 ---------------------------------------------------------------------------------
 (0) _main                                                 3     3      0     247
                           _UARTInit
                           _delay_ms
 ---------------------------------------------------------------------------------
 (1) _delay_ms                                             5     3      2     132
                                              4 COMRAM     5     3      2
 ---------------------------------------------------------------------------------
 (1) _UARTInit                                            10     6      4     115
                                              4 COMRAM    10     6      4
 ---------------------------------------------------------------------------------
 Estimated maximum stack depth 1
 ---------------------------------------------------------------------------------
 (Depth) Function   	        Calls       Base Space   Used Autos Params    Refs
 ---------------------------------------------------------------------------------
 (2) _LowIsr                                               3     3      0      15
                                              1 COMRAM     3     3      0
                       _UartSendByte
 ---------------------------------------------------------------------------------
 (3) _UartSendByte                                         1     1      0      15
                                              0 COMRAM     1     1      0
 ---------------------------------------------------------------------------------
 Estimated maximum stack depth 3
 ---------------------------------------------------------------------------------
 (Depth) Function   	        Calls       Base Space   Used Autos Params    Refs
 ---------------------------------------------------------------------------------
 (4) _HighIsr                                              0     0      0       0
 ---------------------------------------------------------------------------------
 Estimated maximum stack depth 4
 ---------------------------------------------------------------------------------

 Call Graph Graphs:

 _main (ROOT)
   _UARTInit
   _delay_ms

 _LowIsr (ROOT)
   _UartSendByte

 _HighIsr (ROOT)

 Address spaces:
Name               Size   Autos  Total    Cost      Usage
BITCOMRAM           5F      0       0       0        0.0%
EEDATA             100      0       0       0        0.0%
NULL                 0      0       0       0        0.0%
CODE                 0      0       0       0        0.0%
COMRAM              5F      E       E       1       14.7%
STACK                0      0       0       2        0.0%
BITBANK0            A0      0       0       3        0.0%
BANK0               A0      0       0       4        0.0%
ABS                  0      0       0       5        0.0%
BITBANK1           100      0       0       6        0.0%
BANK1              100      0       0       7        0.0%
BITBANK2            EF      0       0       8        0.0%
BANK2               EF      0       0       9        0.0%
BIGRAM             2EE      0       0      10        0.0%
DATA                 0      0       0      11        0.0%
BITSFR_5             0      0       0      40        0.0%
SFR_5                0      0       0      40        0.0%
BITSFR_4             0      0       0      40        0.0%
SFR_4                0      0       0      40        0.0%
BITSFR_3             0      0       0      40        0.0%
SFR_3                0      0       0      40        0.0%
BITSFR_2             0      0       0      40        0.0%
SFR_2                0      0       0      40        0.0%
BITSFR_1             0      0       0      40        0.0%
SFR_1                0      0       0      40        0.0%
BITSFR               0      0       0      40        0.0%
SFR                  0      0       0      40        0.0%


Microchip Technology PIC18 Macro Assembler V1.34 build -361300703 
Symbol Table                                                                                   Sun May 10 23:18:10 2015

       UARTInit@baudrate 0005                       l26 0132                       l34 010C  
                     l68 00DE                       u77 0126                       bsr 000FE0  
           __CFG_CP0$OFF 000000             __CFG_CP1$OFF 000000             __CFG_CP2$OFF 000000  
           __CFG_CP3$OFF 000000                      l811 0078                      l803 005C  
                    l901 00C6                      l805 0064                      l903 00D2  
                    l807 006C                      l815 0080                      l905 00A6  
                    l809 0072                      l907 00AE                      l909 00B4  
                    l789 0120                      l897 0096                      l899 00BA  
           __CFG_CPB$OFF 000000             __CFG_CPD$OFF 000000                      wreg 000FE8  
           __CFG_IESO$ON 000000             __CFG_LVP$OFF 000000                     i1l20 0032  
                   i1l76 014A                     i1l79 0154            __CFG_FCMEN$ON 000000  
                   _main 00EC                     start 0040          __end_of_HighIsr 0168  
          __CFG_MCLRE$ON 000000             ___param_bank 000010                    ?_main 0001  
                  _RCREG 000FAE                    _RCSTA 000FAB                    _SPBRG 000FAF  
                  _TXREG 000FAD                    _TXSTA 000FAC            __CFG_WRT0$OFF 000000  
          __CFG_WRT1$OFF 000000            __CFG_WRT2$OFF 000000            __CFG_WRT3$OFF 000000  
         __CFG_EBTR0$OFF 000000           __CFG_EBTR1$OFF 000000           __CFG_EBTR2$OFF 000000  
         __CFG_EBTR3$OFF 000000         __end_of_UARTInit 00EC            __CFG_WRTB$OFF 000000  
          __CFG_WRTC$OFF 000000            __CFG_WRTD$OFF 000000           __CFG_EBTRB$OFF 000000  
         __CFG_BOREN$OFF 000000                    status 000FD8          __initialization 015C  
         __CFG_HPOL$HIGH 000000             __end_of_main 011A           __CFG_OSC$HSPLL 000000  
         __CFG_LPOL$HIGH 000000                   ??_main 000F            __activetblptr 000002  
         __CFG_WDTEN$OFF 000000           __CFG_WINEN$OFF 000000                   _SPBRGH 000FB0  
              ??_HighIsr 0001         __end_of_delay_ms 0148           __CFG_PWRTEN$ON 000000  
         __CFG_SSPMX$RD1 000000                   _LowIsr 0018           __CFG_STVREN$ON 000000  
                 tblptru 000FF8               __accesstop 0060  __end_of__initialization 015C  
        __CFG_FLTAMX$RC1 000000            ___rparam_used 000001          __CFG_T1OSCMX$ON 000000  
         __pcstackCOMRAM 0001                ?_UARTInit 0005            ?_UartSendByte 0001  
                ?_LowIsr 0001               ??_UARTInit 0009          __CFG_WDPS$32768 000000  
        __CFG_PWM4MX$RB5 000000                ?_delay_ms 0005          __CFG_PWMPIN$OFF 000000  
                _HighIsr 0008           ??_UartSendByte 0001                  __Hparam 0000  
                __Lparam 0000          __size_of_LowIsr 0028                  __pcinit 015C  
                __ramtop 0300                  __ptext0 00EC                  __ptext1 011A  
                __ptext2 0044                  __ptext4 0148               ??_delay_ms 0007  
         __pintcode_body 0166     end_of_initialization 015C            __Lmediumconst 0000  
                int_func 0166                _PORTDbits 000F83                _TRISCbits 000F94  
              _TRISDbits 000F95          UARTInit@divisor 000D                _TXSTAbits 000FAC  
         __end_of_LowIsr 0040         __CFG_EXCLKMX$RC3 000000            delay_ms@delay 0005  
            _BAUDCONbits 000FAA        __size_of_UARTInit 00A8              _BAUDCTLbits 000FAA  
    start_initialization 015C     __end_of_UartSendByte 015C                 ??_LowIsr 0002  
      __size_of_delay_ms 002E                 ?_HighIsr 0001                __pintcode 0008  
            __pintcodelo 0018         UartSendByte@data 0001                delay_ms@i 0008  
               _IPR1bits 000F9F                 _PIE1bits 000F9D                 _PIR1bits 000F9E  
               _RCONbits 000FD0                 _UARTInit 0044    __size_of_UartSendByte 0014  
       __size_of_HighIsr 0160                 __Hrparam 0000             _UartSendByte 0148  
               __Lrparam 0000                 _delay_ms 011A            __size_of_main 002E  
             _INTCONbits 000FF2                 intlevel1 0000                 intlevel2 0000  
