

Microchip Technology PIC18 PRO Macro Assembler V1.34 build -361300703 
                                                                                               Sun May 03 15:53:47 2015

Microchip Technology Omniscient Code Generator (PRO mode) build 201502162209
     1                           	processor	18F4431
     2                           	fnconf	rparam,??,?,0
     3                           	opt	pw 120
     4                           	opt	pm
     5                           	psect	text0,global,reloc=2,class=CODE,delta=1
     6                           	psect	cinit,global,reloc=2,class=CODE,delta=1
     7                           	psect	cstackCOMRAM,global,class=COMRAM,space=1,delta=1
     8                           	psect	intsave_regs,global,class=BIGRAM,space=1,delta=1
     9                           	psect	rparam,global,class=COMRAM,space=1,delta=1
    10  0000                     
    11                           ; 2 bytes @ 0x0
    12 ;;
    13 ;;Main: autosize = 0, tempsize = 0, incstack = 0, save=0
    14 ;;
    15 ;; *************** function _main *****************
    16 ;; Defined at:
    17 ;;		line 47 in file "main.c"
    18 ;; Parameters:    Size  Location     Type
    19 ;;		None
    20 ;; Auto vars:     Size  Location     Type
    21 ;;		None
    22 ;; Return value:  Size  Location     Type
    23 ;;                  2    2[None  ] int 
    24 ;; Registers used:
    25 ;;		None
    26 ;; Tracked objects:
    27 ;;		On entry : 0/0
    28 ;;		On exit  : 0/0
    29 ;;		Unchanged: 0/0
    30 ;; Data sizes:     COMRAM   BANK0   BANK1   BANK2
    31 ;;      Params:         0       0       0       0
    32 ;;      Locals:         0       0       0       0
    33 ;;      Temps:          0       0       0       0
    34 ;;      Totals:         0       0       0       0
    35 ;;Total ram usage:        0 bytes
    36 ;; This function calls:
    37 ;;		Nothing
    38 ;; This function is called by:
    39 ;;		Startup code after reset
    40 ;; This function uses a non-reentrant model
    41 ;;
    42                           
    43                           	psect	text0
    44  003FF6                     __ptext0:
    45                           	opt stack 0
    46  003FF6                     _main:
    47                           	opt stack 31
    48                           
    49                           ;main.c: 50: return 0;
    50                           ;	Return value of _main is never used
    51                           
    52                           ;incstack = 0
    53  003FF6  EF00  F000         	goto	start
    54  003FFA                     __end_of_main:
    55                           	opt stack 0
    56  0000                     
    57                           	psect	cinit
    58  003FFA                     __pcinit:
    59                           	opt stack 0
    60  003FFA                     start_initialization:
    61                           	opt stack 0
    62  003FFA                     __initialization:
    63                           	opt stack 0
    64  003FFA                     end_of_initialization:
    65                           	opt stack 0
    66  003FFA                     __end_of__initialization:
    67                           	opt stack 0
    68  003FFA  0100               	movlb	0
    69  003FFC  EFFB  F01F         	goto	_main	;jump to C main() function
    70                           
    71                           	psect	cstackCOMRAM
    72  000000                     __pcstackCOMRAM:
    73                           	opt stack 0
    74  000000                     
    75                           	psect	rparam


Data Sizes:
    Strings     0
    Constant    0
    Data        0
    BSS         0
    Persistent  0
    Stack       0

Auto Spaces:
    Space          Size  Autos    Used
    COMRAM           95      0       0
    BANK0           160      0       0
    BANK1           256      0       0
    BANK2           256      0       0

Pointer List with Targets:

    None.

Critical Paths under _main in COMRAM

    None.

Critical Paths under _main in BANK0

    None.

Critical Paths under _main in BANK1

    None.

Critical Paths under _main in BANK2

    None.

Call Graph Tables:

 ---------------------------------------------------------------------------------
 (Depth) Function   	        Calls       Base Space   Used Autos Params    Refs
 ---------------------------------------------------------------------------------
 (0) _main                                                 0     0      0       0
 ---------------------------------------------------------------------------------
 Estimated maximum stack depth 0
 ---------------------------------------------------------------------------------

 Call Graph Graphs:

 _main (ROOT)

 Address spaces:
Name               Size   Autos  Total    Cost      Usage
BITCOMRAM           5F      0       0       0        0.0%
EEDATA             100      0       0       0        0.0%
NULL                 0      0       0       0        0.0%
CODE                 0      0       0       0        0.0%
COMRAM              5F      0       0       1        0.0%
STACK                0      0       0       2        0.0%
ABS                  0      0       0       3        0.0%
BITBANK0            A0      0       0       4        0.0%
BANK0               A0      0       0       5        0.0%
BITBANK1           100      0       0       6        0.0%
BANK1              100      0       0       7        0.0%
BITBANK2           100      0       0       8        0.0%
BANK2              100      0       0       9        0.0%
BIGRAM             2FF      0       0      10        0.0%
DATA                 0      0       0      11        0.0%
BITSFR               0      0       0      40        0.0%
SFR                  0      0       0      40        0.0%


Microchip Technology PIC18 Macro Assembler V1.34 build -361300703 
Symbol Table                                                                                   Sun May 03 15:53:47 2015

           __CFG_CP0$OFF 000000             __CFG_CP1$OFF 000000             __CFG_CP2$OFF 000000  
           __CFG_CP3$OFF 000000             __CFG_CPB$OFF 000000             __CFG_CPD$OFF 000000  
           __CFG_IESO$ON 000000             __CFG_LVP$OFF 000000            __CFG_FCMEN$ON 000000  
                   _main 3FF6                     start 0000            __CFG_MCLRE$ON 000000  
           ___param_bank 000010                    ?_main 0000            __CFG_WRT0$OFF 000000  
          __CFG_WRT1$OFF 000000            __CFG_WRT2$OFF 000000            __CFG_WRT3$OFF 000000  
         __CFG_EBTR0$OFF 000000           __CFG_EBTR1$OFF 000000           __CFG_EBTR2$OFF 000000  
         __CFG_EBTR3$OFF 000000            __CFG_WRTB$OFF 000000            __CFG_WRTC$OFF 000000  
          __CFG_WRTD$OFF 000000           __CFG_EBTRB$OFF 000000           __CFG_BOREN$OFF 000000  
        __initialization 3FFA           __CFG_HPOL$HIGH 000000             __end_of_main 3FFA  
         __CFG_OSC$HSPLL 000000           __CFG_LPOL$HIGH 000000                   ??_main 0000  
          __activetblptr 000000           __CFG_WDTEN$OFF 000000           __CFG_WINEN$OFF 000000  
         __CFG_PWRTEN$ON 000000           __CFG_SSPMX$RD1 000000           __CFG_STVREN$ON 000000  
             __accesstop 0060  __end_of__initialization 3FFA          __CFG_FLTAMX$RC1 000000  
          ___rparam_used 000001          __CFG_T1OSCMX$ON 000000           __pcstackCOMRAM 0000  
        __CFG_WDPS$32768 000000          __CFG_PWM4MX$RB5 000000          __CFG_PWMPIN$OFF 000000  
                __Hparam 0000                  __Lparam 0000                  __pcinit 3FFA  
                __ramtop 0300                  __ptext0 3FF6     end_of_initialization 3FFA  
       __CFG_EXCLKMX$RC3 000000      start_initialization 3FFA                 __Hrparam 0000  
               __Lrparam 0000            __size_of_main 0004  
